The target system is: Arduino -  - 
The host system is: Linux - 5.8.0-55-generic - x86_64
Compiling the C compiler identification source file "CMakeCCompilerId.c" succeeded.
Compiler: /opt/arduino1.8.15/hardware/tools/avr/bin/avr-gcc 
Build flags: 
Id flags:  

The output was:
0


Compilation of the C compiler identification source "CMakeCCompilerId.c" produced "a.out"

The C compiler identification is GNU, found in "/home/marvin/src/nerfgun/arduino/custom_controller/cmake-build-release/CMakeFiles/3.19.2/CompilerIdC/a.out"

Compiling the CXX compiler identification source file "CMakeCXXCompilerId.cpp" succeeded.
Compiler: /opt/arduino1.8.15/hardware/tools/avr/bin/avr-g++ 
Build flags: 
Id flags:  

The output was:
0


Compilation of the CXX compiler identification source "CMakeCXXCompilerId.cpp" produced "a.out"

The CXX compiler identification is GNU, found in "/home/marvin/src/nerfgun/arduino/custom_controller/cmake-build-release/CMakeFiles/3.19.2/CompilerIdCXX/a.out"

Detecting C compiler ABI info compiled with the following output:
Change Dir: /home/marvin/src/nerfgun/arduino/custom_controller/cmake-build-release/CMakeFiles/CMakeTmp

Run Build Command(s):/usr/bin/make cmTC_89962/fast && /usr/bin/make  -f CMakeFiles/cmTC_89962.dir/build.make CMakeFiles/cmTC_89962.dir/build
make[1]: Entering directory '/home/marvin/src/nerfgun/arduino/custom_controller/cmake-build-release/CMakeFiles/CMakeTmp'
Building C object CMakeFiles/cmTC_89962.dir/CMakeCCompilerABI.c.obj
/opt/arduino1.8.15/hardware/tools/avr/bin/avr-gcc   -g -Os -w -ffunction-sections -fdata-sections -MMD    -v -o CMakeFiles/cmTC_89962.dir/CMakeCCompilerABI.c.obj -c /home/marvin/.local/share/JetBrains/Toolbox/apps/CLion/ch-0/211.7442.42/bin/cmake/linux/share/cmake-3.19/Modules/CMakeCCompilerABI.c
Using built-in specs.
Reading specs from /home/marvin/apps/arduino-1.8.15/hardware/tools/avr/bin/../lib/gcc/avr/7.3.0/device-specs/specs-avr2
COLLECT_GCC=/opt/arduino1.8.15/hardware/tools/avr/bin/avr-gcc
Target: avr
Configured with: ../gcc/configure --enable-fixed-point --enable-languages=c,c++ --prefix=/home/jenkins/workspace/avr-gcc-staging/label/debian7-x86_64/objdir --disable-nls --disable-libssp --disable-libada --disable-shared --with-avrlibc=yes --with-dwarf2 --disable-doc --target=avr
Thread model: single
gcc version 7.3.0 (GCC) 
COLLECT_GCC_OPTIONS='-g' '-Os' '-w' '-ffunction-sections' '-fdata-sections' '-MMD' '-v' '-o' 'CMakeFiles/cmTC_89962.dir/CMakeCCompilerABI.c.obj' '-c' '-specs=device-specs/specs-avr2'
 /home/marvin/apps/arduino-1.8.15/hardware/tools/avr/bin/../libexec/gcc/avr/7.3.0/cc1 -quiet -v -iprefix /home/marvin/apps/arduino-1.8.15/hardware/tools/avr/bin/../lib/gcc/avr/7.3.0/ -MMD CMakeFiles/cmTC_89962.dir/CMakeCCompilerABI.c.d -MQ CMakeFiles/cmTC_89962.dir/CMakeCCompilerABI.c.obj /home/marvin/.local/share/JetBrains/Toolbox/apps/CLion/ch-0/211.7442.42/bin/cmake/linux/share/cmake-3.19/Modules/CMakeCCompilerABI.c -mn-flash=6 -mskip-bug -quiet -dumpbase CMakeCCompilerABI.c -auxbase-strip CMakeFiles/cmTC_89962.dir/CMakeCCompilerABI.c.obj -g -Os -w -version -ffunction-sections -fdata-sections -o /tmp/cc1SY2ug.s
GNU C11 (GCC) version 7.3.0 (avr)
	compiled by GNU C version 4.7.2, GMP version 5.0.2, MPFR version 3.1.0, MPC version 0.9, isl version none
GGC heuristics: --param ggc-min-expand=100 --param ggc-min-heapsize=131072
ignoring nonexistent directory "/home/marvin/apps/arduino-1.8.15/hardware/tools/avr/bin/../lib/gcc/avr/7.3.0/../../../../avr/sys-include"
ignoring duplicate directory "/home/marvin/apps/arduino-1.8.15/hardware/tools/avr/bin/../lib/gcc/../../lib/gcc/avr/7.3.0/include"
ignoring duplicate directory "/home/marvin/apps/arduino-1.8.15/hardware/tools/avr/bin/../lib/gcc/../../lib/gcc/avr/7.3.0/include-fixed"
ignoring nonexistent directory "/home/marvin/apps/arduino-1.8.15/hardware/tools/avr/bin/../lib/gcc/../../lib/gcc/avr/7.3.0/../../../../avr/sys-include"
ignoring duplicate directory "/home/marvin/apps/arduino-1.8.15/hardware/tools/avr/bin/../lib/gcc/../../lib/gcc/avr/7.3.0/../../../../avr/include"
#include "..." search starts here:
#include <...> search starts here:
 /home/marvin/apps/arduino-1.8.15/hardware/tools/avr/bin/../lib/gcc/avr/7.3.0/include
 /home/marvin/apps/arduino-1.8.15/hardware/tools/avr/bin/../lib/gcc/avr/7.3.0/include-fixed
 /home/marvin/apps/arduino-1.8.15/hardware/tools/avr/bin/../lib/gcc/avr/7.3.0/../../../../avr/include
End of search list.
GNU C11 (GCC) version 7.3.0 (avr)
	compiled by GNU C version 4.7.2, GMP version 5.0.2, MPFR version 3.1.0, MPC version 0.9, isl version none
GGC heuristics: --param ggc-min-expand=100 --param ggc-min-heapsize=131072
Compiler executable checksum: f1a5be5edc2698bbea3030b94defb7b4
COLLECT_GCC_OPTIONS='-g' '-Os' '-w' '-ffunction-sections' '-fdata-sections' '-MMD' '-v' '-o' 'CMakeFiles/cmTC_89962.dir/CMakeCCompilerABI.c.obj' '-c' '-specs=device-specs/specs-avr2'
 /home/marvin/apps/arduino-1.8.15/hardware/tools/avr/bin/../lib/gcc/avr/7.3.0/../../../../avr/bin/as -mmcu=avr2 -o CMakeFiles/cmTC_89962.dir/CMakeCCompilerABI.c.obj /tmp/cc1SY2ug.s
COMPILER_PATH=/home/marvin/apps/arduino-1.8.15/hardware/tools/avr/bin/../libexec/gcc/avr/7.3.0/:/home/marvin/apps/arduino-1.8.15/hardware/tools/avr/bin/../libexec/gcc/:/home/marvin/apps/arduino-1.8.15/hardware/tools/avr/bin/../lib/gcc/avr/7.3.0/../../../../avr/bin/
LIBRARY_PATH=/home/marvin/apps/arduino-1.8.15/hardware/tools/avr/bin/../lib/gcc/avr/7.3.0/:/home/marvin/apps/arduino-1.8.15/hardware/tools/avr/bin/../lib/gcc/:/home/marvin/apps/arduino-1.8.15/hardware/tools/avr/bin/../lib/gcc/avr/7.3.0/../../../../avr/lib/
COLLECT_GCC_OPTIONS='-g' '-Os' '-w' '-ffunction-sections' '-fdata-sections' '-MMD' '-v' '-o' 'CMakeFiles/cmTC_89962.dir/CMakeCCompilerABI.c.obj' '-c' '-specs=device-specs/specs-avr2'
Linking C executable cmTC_89962
/home/marvin/.local/share/JetBrains/Toolbox/apps/CLion/ch-0/211.7442.42/bin/cmake/linux/bin/cmake -E cmake_link_script CMakeFiles/cmTC_89962.dir/link.txt --verbose=1
/opt/arduino1.8.15/hardware/tools/avr/bin/avr-gcc -g -Os -w -ffunction-sections -fdata-sections -MMD  -w -Os -Wl,--gc-sections -v CMakeFiles/cmTC_89962.dir/CMakeCCompilerABI.c.obj -o cmTC_89962 
Using built-in specs.
Reading specs from /home/marvin/apps/arduino-1.8.15/hardware/tools/avr/bin/../lib/gcc/avr/7.3.0/device-specs/specs-avr2
COLLECT_GCC=/opt/arduino1.8.15/hardware/tools/avr/bin/avr-gcc
COLLECT_LTO_WRAPPER=/home/marvin/apps/arduino-1.8.15/hardware/tools/avr/bin/../libexec/gcc/avr/7.3.0/lto-wrapper
Target: avr
Configured with: ../gcc/configure --enable-fixed-point --enable-languages=c,c++ --prefix=/home/jenkins/workspace/avr-gcc-staging/label/debian7-x86_64/objdir --disable-nls --disable-libssp --disable-libada --disable-shared --with-avrlibc=yes --with-dwarf2 --disable-doc --target=avr
Thread model: single
gcc version 7.3.0 (GCC) 
COMPILER_PATH=/home/marvin/apps/arduino-1.8.15/hardware/tools/avr/bin/../libexec/gcc/avr/7.3.0/:/home/marvin/apps/arduino-1.8.15/hardware/tools/avr/bin/../libexec/gcc/:/home/marvin/apps/arduino-1.8.15/hardware/tools/avr/bin/../lib/gcc/avr/7.3.0/../../../../avr/bin/
LIBRARY_PATH=/home/marvin/apps/arduino-1.8.15/hardware/tools/avr/bin/../lib/gcc/avr/7.3.0/:/home/marvin/apps/arduino-1.8.15/hardware/tools/avr/bin/../lib/gcc/:/home/marvin/apps/arduino-1.8.15/hardware/tools/avr/bin/../lib/gcc/avr/7.3.0/../../../../avr/lib/
COLLECT_GCC_OPTIONS='-g' '-Os' '-w' '-ffunction-sections' '-fdata-sections' '-MMD' '-w' '-Os' '-v' '-o' 'cmTC_89962' '-specs=device-specs/specs-avr2'
 /home/marvin/apps/arduino-1.8.15/hardware/tools/avr/bin/../libexec/gcc/avr/7.3.0/collect2 -plugin /home/marvin/apps/arduino-1.8.15/hardware/tools/avr/bin/../libexec/gcc/avr/7.3.0/liblto_plugin.so -plugin-opt=/home/marvin/apps/arduino-1.8.15/hardware/tools/avr/bin/../libexec/gcc/avr/7.3.0/lto-wrapper -plugin-opt=-fresolution=/tmp/ccKdGqAT.res -plugin-opt=-pass-through=-lgcc -plugin-opt=-pass-through=-lm -plugin-opt=-pass-through=-lc -o cmTC_89962 -L/home/marvin/apps/arduino-1.8.15/hardware/tools/avr/bin/../lib/gcc/avr/7.3.0 -L/home/marvin/apps/arduino-1.8.15/hardware/tools/avr/bin/../lib/gcc -L/home/marvin/apps/arduino-1.8.15/hardware/tools/avr/bin/../lib/gcc/avr/7.3.0/../../../../avr/lib --gc-sections CMakeFiles/cmTC_89962.dir/CMakeCCompilerABI.c.obj --start-group -lgcc -lm -lc --end-group
COLLECT_GCC_OPTIONS='-g' '-Os' '-w' '-ffunction-sections' '-fdata-sections' '-MMD' '-w' '-Os' '-v' '-o' 'cmTC_89962' '-specs=device-specs/specs-avr2'
make[1]: Leaving directory '/home/marvin/src/nerfgun/arduino/custom_controller/cmake-build-release/CMakeFiles/CMakeTmp'



Parsed C implicit include dir info from above output: rv=done
  found start of include info
  found start of implicit include info
    add: [/home/marvin/apps/arduino-1.8.15/hardware/tools/avr/bin/../lib/gcc/avr/7.3.0/include]
    add: [/home/marvin/apps/arduino-1.8.15/hardware/tools/avr/bin/../lib/gcc/avr/7.3.0/include-fixed]
    add: [/home/marvin/apps/arduino-1.8.15/hardware/tools/avr/bin/../lib/gcc/avr/7.3.0/../../../../avr/include]
  end of search list found
  collapse include dir [/home/marvin/apps/arduino-1.8.15/hardware/tools/avr/bin/../lib/gcc/avr/7.3.0/include] ==> [/home/marvin/apps/arduino-1.8.15/hardware/tools/avr/lib/gcc/avr/7.3.0/include]
  collapse include dir [/home/marvin/apps/arduino-1.8.15/hardware/tools/avr/bin/../lib/gcc/avr/7.3.0/include-fixed] ==> [/home/marvin/apps/arduino-1.8.15/hardware/tools/avr/lib/gcc/avr/7.3.0/include-fixed]
  collapse include dir [/home/marvin/apps/arduino-1.8.15/hardware/tools/avr/bin/../lib/gcc/avr/7.3.0/../../../../avr/include] ==> [/home/marvin/apps/arduino-1.8.15/hardware/tools/avr/avr/include]
  implicit include dirs: [/home/marvin/apps/arduino-1.8.15/hardware/tools/avr/lib/gcc/avr/7.3.0/include;/home/marvin/apps/arduino-1.8.15/hardware/tools/avr/lib/gcc/avr/7.3.0/include-fixed;/home/marvin/apps/arduino-1.8.15/hardware/tools/avr/avr/include]


Parsed C implicit link information from above output:
  link line regex: [^( *|.*[/\])(avr-ld|CMAKE_LINK_STARTFILE-NOTFOUND|([^/\]+-)?ld|collect2)[^/\]*( |$)]
  ignore line: [Change Dir: /home/marvin/src/nerfgun/arduino/custom_controller/cmake-build-release/CMakeFiles/CMakeTmp]
  ignore line: []
  ignore line: [Run Build Command(s):/usr/bin/make cmTC_89962/fast && /usr/bin/make  -f CMakeFiles/cmTC_89962.dir/build.make CMakeFiles/cmTC_89962.dir/build]
  ignore line: [make[1]: Entering directory '/home/marvin/src/nerfgun/arduino/custom_controller/cmake-build-release/CMakeFiles/CMakeTmp']
  ignore line: [Building C object CMakeFiles/cmTC_89962.dir/CMakeCCompilerABI.c.obj]
  ignore line: [/opt/arduino1.8.15/hardware/tools/avr/bin/avr-gcc   -g -Os -w -ffunction-sections -fdata-sections -MMD    -v -o CMakeFiles/cmTC_89962.dir/CMakeCCompilerABI.c.obj -c /home/marvin/.local/share/JetBrains/Toolbox/apps/CLion/ch-0/211.7442.42/bin/cmake/linux/share/cmake-3.19/Modules/CMakeCCompilerABI.c]
  ignore line: [Using built-in specs.]
  ignore line: [Reading specs from /home/marvin/apps/arduino-1.8.15/hardware/tools/avr/bin/../lib/gcc/avr/7.3.0/device-specs/specs-avr2]
  ignore line: [COLLECT_GCC=/opt/arduino1.8.15/hardware/tools/avr/bin/avr-gcc]
  ignore line: [Target: avr]
  ignore line: [Configured with: ../gcc/configure --enable-fixed-point --enable-languages=c c++ --prefix=/home/jenkins/workspace/avr-gcc-staging/label/debian7-x86_64/objdir --disable-nls --disable-libssp --disable-libada --disable-shared --with-avrlibc=yes --with-dwarf2 --disable-doc --target=avr]
  ignore line: [Thread model: single]
  ignore line: [gcc version 7.3.0 (GCC) ]
  ignore line: [COLLECT_GCC_OPTIONS='-g' '-Os' '-w' '-ffunction-sections' '-fdata-sections' '-MMD' '-v' '-o' 'CMakeFiles/cmTC_89962.dir/CMakeCCompilerABI.c.obj' '-c' '-specs=device-specs/specs-avr2']
  ignore line: [ /home/marvin/apps/arduino-1.8.15/hardware/tools/avr/bin/../libexec/gcc/avr/7.3.0/cc1 -quiet -v -iprefix /home/marvin/apps/arduino-1.8.15/hardware/tools/avr/bin/../lib/gcc/avr/7.3.0/ -MMD CMakeFiles/cmTC_89962.dir/CMakeCCompilerABI.c.d -MQ CMakeFiles/cmTC_89962.dir/CMakeCCompilerABI.c.obj /home/marvin/.local/share/JetBrains/Toolbox/apps/CLion/ch-0/211.7442.42/bin/cmake/linux/share/cmake-3.19/Modules/CMakeCCompilerABI.c -mn-flash=6 -mskip-bug -quiet -dumpbase CMakeCCompilerABI.c -auxbase-strip CMakeFiles/cmTC_89962.dir/CMakeCCompilerABI.c.obj -g -Os -w -version -ffunction-sections -fdata-sections -o /tmp/cc1SY2ug.s]
  ignore line: [GNU C11 (GCC) version 7.3.0 (avr)]
  ignore line: [	compiled by GNU C version 4.7.2  GMP version 5.0.2  MPFR version 3.1.0  MPC version 0.9  isl version none]
  ignore line: [GGC heuristics: --param ggc-min-expand=100 --param ggc-min-heapsize=131072]
  ignore line: [ignoring nonexistent directory "/home/marvin/apps/arduino-1.8.15/hardware/tools/avr/bin/../lib/gcc/avr/7.3.0/../../../../avr/sys-include"]
  ignore line: [ignoring duplicate directory "/home/marvin/apps/arduino-1.8.15/hardware/tools/avr/bin/../lib/gcc/../../lib/gcc/avr/7.3.0/include"]
  ignore line: [ignoring duplicate directory "/home/marvin/apps/arduino-1.8.15/hardware/tools/avr/bin/../lib/gcc/../../lib/gcc/avr/7.3.0/include-fixed"]
  ignore line: [ignoring nonexistent directory "/home/marvin/apps/arduino-1.8.15/hardware/tools/avr/bin/../lib/gcc/../../lib/gcc/avr/7.3.0/../../../../avr/sys-include"]
  ignore line: [ignoring duplicate directory "/home/marvin/apps/arduino-1.8.15/hardware/tools/avr/bin/../lib/gcc/../../lib/gcc/avr/7.3.0/../../../../avr/include"]
  ignore line: [#include "..." search starts here:]
  ignore line: [#include <...> search starts here:]
  ignore line: [ /home/marvin/apps/arduino-1.8.15/hardware/tools/avr/bin/../lib/gcc/avr/7.3.0/include]
  ignore line: [ /home/marvin/apps/arduino-1.8.15/hardware/tools/avr/bin/../lib/gcc/avr/7.3.0/include-fixed]
  ignore line: [ /home/marvin/apps/arduino-1.8.15/hardware/tools/avr/bin/../lib/gcc/avr/7.3.0/../../../../avr/include]
  ignore line: [End of search list.]
  ignore line: [GNU C11 (GCC) version 7.3.0 (avr)]
  ignore line: [	compiled by GNU C version 4.7.2  GMP version 5.0.2  MPFR version 3.1.0  MPC version 0.9  isl version none]
  ignore line: [GGC heuristics: --param ggc-min-expand=100 --param ggc-min-heapsize=131072]
  ignore line: [Compiler executable checksum: f1a5be5edc2698bbea3030b94defb7b4]
  ignore line: [COLLECT_GCC_OPTIONS='-g' '-Os' '-w' '-ffunction-sections' '-fdata-sections' '-MMD' '-v' '-o' 'CMakeFiles/cmTC_89962.dir/CMakeCCompilerABI.c.obj' '-c' '-specs=device-specs/specs-avr2']
  ignore line: [ /home/marvin/apps/arduino-1.8.15/hardware/tools/avr/bin/../lib/gcc/avr/7.3.0/../../../../avr/bin/as -mmcu=avr2 -o CMakeFiles/cmTC_89962.dir/CMakeCCompilerABI.c.obj /tmp/cc1SY2ug.s]
  ignore line: [COMPILER_PATH=/home/marvin/apps/arduino-1.8.15/hardware/tools/avr/bin/../libexec/gcc/avr/7.3.0/:/home/marvin/apps/arduino-1.8.15/hardware/tools/avr/bin/../libexec/gcc/:/home/marvin/apps/arduino-1.8.15/hardware/tools/avr/bin/../lib/gcc/avr/7.3.0/../../../../avr/bin/]
  ignore line: [LIBRARY_PATH=/home/marvin/apps/arduino-1.8.15/hardware/tools/avr/bin/../lib/gcc/avr/7.3.0/:/home/marvin/apps/arduino-1.8.15/hardware/tools/avr/bin/../lib/gcc/:/home/marvin/apps/arduino-1.8.15/hardware/tools/avr/bin/../lib/gcc/avr/7.3.0/../../../../avr/lib/]
  ignore line: [COLLECT_GCC_OPTIONS='-g' '-Os' '-w' '-ffunction-sections' '-fdata-sections' '-MMD' '-v' '-o' 'CMakeFiles/cmTC_89962.dir/CMakeCCompilerABI.c.obj' '-c' '-specs=device-specs/specs-avr2']
  ignore line: [Linking C executable cmTC_89962]
  ignore line: [/home/marvin/.local/share/JetBrains/Toolbox/apps/CLion/ch-0/211.7442.42/bin/cmake/linux/bin/cmake -E cmake_link_script CMakeFiles/cmTC_89962.dir/link.txt --verbose=1]
  ignore line: [/opt/arduino1.8.15/hardware/tools/avr/bin/avr-gcc -g -Os -w -ffunction-sections -fdata-sections -MMD  -w -Os -Wl --gc-sections -v CMakeFiles/cmTC_89962.dir/CMakeCCompilerABI.c.obj -o cmTC_89962 ]
  ignore line: [Using built-in specs.]
  ignore line: [Reading specs from /home/marvin/apps/arduino-1.8.15/hardware/tools/avr/bin/../lib/gcc/avr/7.3.0/device-specs/specs-avr2]
  ignore line: [COLLECT_GCC=/opt/arduino1.8.15/hardware/tools/avr/bin/avr-gcc]
  ignore line: [COLLECT_LTO_WRAPPER=/home/marvin/apps/arduino-1.8.15/hardware/tools/avr/bin/../libexec/gcc/avr/7.3.0/lto-wrapper]
  ignore line: [Target: avr]
  ignore line: [Configured with: ../gcc/configure --enable-fixed-point --enable-languages=c c++ --prefix=/home/jenkins/workspace/avr-gcc-staging/label/debian7-x86_64/objdir --disable-nls --disable-libssp --disable-libada --disable-shared --with-avrlibc=yes --with-dwarf2 --disable-doc --target=avr]
  ignore line: [Thread model: single]
  ignore line: [gcc version 7.3.0 (GCC) ]
  ignore line: [COMPILER_PATH=/home/marvin/apps/arduino-1.8.15/hardware/tools/avr/bin/../libexec/gcc/avr/7.3.0/:/home/marvin/apps/arduino-1.8.15/hardware/tools/avr/bin/../libexec/gcc/:/home/marvin/apps/arduino-1.8.15/hardware/tools/avr/bin/../lib/gcc/avr/7.3.0/../../../../avr/bin/]
  ignore line: [LIBRARY_PATH=/home/marvin/apps/arduino-1.8.15/hardware/tools/avr/bin/../lib/gcc/avr/7.3.0/:/home/marvin/apps/arduino-1.8.15/hardware/tools/avr/bin/../lib/gcc/:/home/marvin/apps/arduino-1.8.15/hardware/tools/avr/bin/../lib/gcc/avr/7.3.0/../../../../avr/lib/]
  ignore line: [COLLECT_GCC_OPTIONS='-g' '-Os' '-w' '-ffunction-sections' '-fdata-sections' '-MMD' '-w' '-Os' '-v' '-o' 'cmTC_89962' '-specs=device-specs/specs-avr2']
  link line: [ /home/marvin/apps/arduino-1.8.15/hardware/tools/avr/bin/../libexec/gcc/avr/7.3.0/collect2 -plugin /home/marvin/apps/arduino-1.8.15/hardware/tools/avr/bin/../libexec/gcc/avr/7.3.0/liblto_plugin.so -plugin-opt=/home/marvin/apps/arduino-1.8.15/hardware/tools/avr/bin/../libexec/gcc/avr/7.3.0/lto-wrapper -plugin-opt=-fresolution=/tmp/ccKdGqAT.res -plugin-opt=-pass-through=-lgcc -plugin-opt=-pass-through=-lm -plugin-opt=-pass-through=-lc -o cmTC_89962 -L/home/marvin/apps/arduino-1.8.15/hardware/tools/avr/bin/../lib/gcc/avr/7.3.0 -L/home/marvin/apps/arduino-1.8.15/hardware/tools/avr/bin/../lib/gcc -L/home/marvin/apps/arduino-1.8.15/hardware/tools/avr/bin/../lib/gcc/avr/7.3.0/../../../../avr/lib --gc-sections CMakeFiles/cmTC_89962.dir/CMakeCCompilerABI.c.obj --start-group -lgcc -lm -lc --end-group]
    arg [/home/marvin/apps/arduino-1.8.15/hardware/tools/avr/bin/../libexec/gcc/avr/7.3.0/collect2] ==> ignore
    arg [-plugin] ==> ignore
    arg [/home/marvin/apps/arduino-1.8.15/hardware/tools/avr/bin/../libexec/gcc/avr/7.3.0/liblto_plugin.so] ==> ignore
    arg [-plugin-opt=/home/marvin/apps/arduino-1.8.15/hardware/tools/avr/bin/../libexec/gcc/avr/7.3.0/lto-wrapper] ==> ignore
    arg [-plugin-opt=-fresolution=/tmp/ccKdGqAT.res] ==> ignore
    arg [-plugin-opt=-pass-through=-lgcc] ==> ignore
    arg [-plugin-opt=-pass-through=-lm] ==> ignore
    arg [-plugin-opt=-pass-through=-lc] ==> ignore
    arg [-o] ==> ignore
    arg [cmTC_89962] ==> ignore
    arg [-L/home/marvin/apps/arduino-1.8.15/hardware/tools/avr/bin/../lib/gcc/avr/7.3.0] ==> dir [/home/marvin/apps/arduino-1.8.15/hardware/tools/avr/bin/../lib/gcc/avr/7.3.0]
    arg [-L/home/marvin/apps/arduino-1.8.15/hardware/tools/avr/bin/../lib/gcc] ==> dir [/home/marvin/apps/arduino-1.8.15/hardware/tools/avr/bin/../lib/gcc]
    arg [-L/home/marvin/apps/arduino-1.8.15/hardware/tools/avr/bin/../lib/gcc/avr/7.3.0/../../../../avr/lib] ==> dir [/home/marvin/apps/arduino-1.8.15/hardware/tools/avr/bin/../lib/gcc/avr/7.3.0/../../../../avr/lib]
    arg [--gc-sections] ==> ignore
    arg [CMakeFiles/cmTC_89962.dir/CMakeCCompilerABI.c.obj] ==> ignore
    arg [--start-group] ==> ignore
    arg [-lgcc] ==> lib [gcc]
    arg [-lm] ==> lib [m]
    arg [-lc] ==> lib [c]
    arg [--end-group] ==> ignore
  collapse library dir [/home/marvin/apps/arduino-1.8.15/hardware/tools/avr/bin/../lib/gcc/avr/7.3.0] ==> [/home/marvin/apps/arduino-1.8.15/hardware/tools/avr/lib/gcc/avr/7.3.0]
  collapse library dir [/home/marvin/apps/arduino-1.8.15/hardware/tools/avr/bin/../lib/gcc] ==> [/home/marvin/apps/arduino-1.8.15/hardware/tools/avr/lib/gcc]
  collapse library dir [/home/marvin/apps/arduino-1.8.15/hardware/tools/avr/bin/../lib/gcc/avr/7.3.0/../../../../avr/lib] ==> [/home/marvin/apps/arduino-1.8.15/hardware/tools/avr/avr/lib]
  implicit libs: [gcc;m;c]
  implicit dirs: [/home/marvin/apps/arduino-1.8.15/hardware/tools/avr/lib/gcc/avr/7.3.0;/home/marvin/apps/arduino-1.8.15/hardware/tools/avr/lib/gcc;/home/marvin/apps/arduino-1.8.15/hardware/tools/avr/avr/lib]
  implicit fwks: []


Detecting CXX compiler ABI info compiled with the following output:
Change Dir: /home/marvin/src/nerfgun/arduino/custom_controller/cmake-build-release/CMakeFiles/CMakeTmp

Run Build Command(s):/usr/bin/make cmTC_92324/fast && /usr/bin/make  -f CMakeFiles/cmTC_92324.dir/build.make CMakeFiles/cmTC_92324.dir/build
make[1]: Entering directory '/home/marvin/src/nerfgun/arduino/custom_controller/cmake-build-release/CMakeFiles/CMakeTmp'
Building CXX object CMakeFiles/cmTC_92324.dir/CMakeCXXCompilerABI.cpp.obj
/opt/arduino1.8.15/hardware/tools/avr/bin/avr-g++   -g -Os -w -fno-exceptions -ffunction-sections -fdata-sections -fno-threadsafe-statics -MMD    -v -o CMakeFiles/cmTC_92324.dir/CMakeCXXCompilerABI.cpp.obj -c /home/marvin/.local/share/JetBrains/Toolbox/apps/CLion/ch-0/211.7442.42/bin/cmake/linux/share/cmake-3.19/Modules/CMakeCXXCompilerABI.cpp
Using built-in specs.
Reading specs from /home/marvin/apps/arduino-1.8.15/hardware/tools/avr/bin/../lib/gcc/avr/7.3.0/device-specs/specs-avr2
COLLECT_GCC=/opt/arduino1.8.15/hardware/tools/avr/bin/avr-g++
Target: avr
Configured with: ../gcc/configure --enable-fixed-point --enable-languages=c,c++ --prefix=/home/jenkins/workspace/avr-gcc-staging/label/debian7-x86_64/objdir --disable-nls --disable-libssp --disable-libada --disable-shared --with-avrlibc=yes --with-dwarf2 --disable-doc --target=avr
Thread model: single
gcc version 7.3.0 (GCC) 
COLLECT_GCC_OPTIONS='-g' '-Os' '-w' '-fno-exceptions' '-ffunction-sections' '-fdata-sections' '-fno-threadsafe-statics' '-MMD' '-v' '-o' 'CMakeFiles/cmTC_92324.dir/CMakeCXXCompilerABI.cpp.obj' '-c' '-specs=device-specs/specs-avr2'
 /home/marvin/apps/arduino-1.8.15/hardware/tools/avr/bin/../libexec/gcc/avr/7.3.0/cc1plus -quiet -v -iprefix /home/marvin/apps/arduino-1.8.15/hardware/tools/avr/bin/../lib/gcc/avr/7.3.0/ -MMD CMakeFiles/cmTC_92324.dir/CMakeCXXCompilerABI.cpp.d -MQ CMakeFiles/cmTC_92324.dir/CMakeCXXCompilerABI.cpp.obj /home/marvin/.local/share/JetBrains/Toolbox/apps/CLion/ch-0/211.7442.42/bin/cmake/linux/share/cmake-3.19/Modules/CMakeCXXCompilerABI.cpp -mn-flash=6 -mskip-bug -quiet -dumpbase CMakeCXXCompilerABI.cpp -auxbase-strip CMakeFiles/cmTC_92324.dir/CMakeCXXCompilerABI.cpp.obj -g -Os -w -version -fno-exceptions -ffunction-sections -fdata-sections -fno-threadsafe-statics -mn-flash=6 -mskip-bug -fno-rtti -fno-enforce-eh-specs -fno-exceptions -o /tmp/ccgUAjho.s
GNU C++14 (GCC) version 7.3.0 (avr)
	compiled by GNU C version 4.7.2, GMP version 5.0.2, MPFR version 3.1.0, MPC version 0.9, isl version none
GGC heuristics: --param ggc-min-expand=100 --param ggc-min-heapsize=131072
ignoring nonexistent directory "/home/marvin/apps/arduino-1.8.15/hardware/tools/avr/bin/../lib/gcc/avr/7.3.0/../../../../avr/include/c++/7.3.0"
ignoring nonexistent directory "/home/marvin/apps/arduino-1.8.15/hardware/tools/avr/bin/../lib/gcc/avr/7.3.0/../../../../avr/include/c++/7.3.0/avr"
ignoring nonexistent directory "/home/marvin/apps/arduino-1.8.15/hardware/tools/avr/bin/../lib/gcc/avr/7.3.0/../../../../avr/include/c++/7.3.0/backward"
ignoring nonexistent directory "/home/marvin/apps/arduino-1.8.15/hardware/tools/avr/bin/../lib/gcc/avr/7.3.0/../../../../avr/sys-include"
ignoring nonexistent directory "/home/marvin/apps/arduino-1.8.15/hardware/tools/avr/bin/../lib/gcc/../../lib/gcc/avr/7.3.0/../../../../avr/include/c++/7.3.0"
ignoring nonexistent directory "/home/marvin/apps/arduino-1.8.15/hardware/tools/avr/bin/../lib/gcc/../../lib/gcc/avr/7.3.0/../../../../avr/include/c++/7.3.0/avr"
ignoring nonexistent directory "/home/marvin/apps/arduino-1.8.15/hardware/tools/avr/bin/../lib/gcc/../../lib/gcc/avr/7.3.0/../../../../avr/include/c++/7.3.0/backward"
ignoring duplicate directory "/home/marvin/apps/arduino-1.8.15/hardware/tools/avr/bin/../lib/gcc/../../lib/gcc/avr/7.3.0/include"
ignoring duplicate directory "/home/marvin/apps/arduino-1.8.15/hardware/tools/avr/bin/../lib/gcc/../../lib/gcc/avr/7.3.0/include-fixed"
ignoring nonexistent directory "/home/marvin/apps/arduino-1.8.15/hardware/tools/avr/bin/../lib/gcc/../../lib/gcc/avr/7.3.0/../../../../avr/sys-include"
ignoring duplicate directory "/home/marvin/apps/arduino-1.8.15/hardware/tools/avr/bin/../lib/gcc/../../lib/gcc/avr/7.3.0/../../../../avr/include"
#include "..." search starts here:
#include <...> search starts here:
 /home/marvin/apps/arduino-1.8.15/hardware/tools/avr/bin/../lib/gcc/avr/7.3.0/include
 /home/marvin/apps/arduino-1.8.15/hardware/tools/avr/bin/../lib/gcc/avr/7.3.0/include-fixed
 /home/marvin/apps/arduino-1.8.15/hardware/tools/avr/bin/../lib/gcc/avr/7.3.0/../../../../avr/include
End of search list.
GNU C++14 (GCC) version 7.3.0 (avr)
	compiled by GNU C version 4.7.2, GMP version 5.0.2, MPFR version 3.1.0, MPC version 0.9, isl version none
GGC heuristics: --param ggc-min-expand=100 --param ggc-min-heapsize=131072
Compiler executable checksum: 9c6d235b99e8a30dffa1915004724177
COLLECT_GCC_OPTIONS='-g' '-Os' '-w' '-fno-exceptions' '-ffunction-sections' '-fdata-sections' '-fno-threadsafe-statics' '-MMD' '-v' '-o' 'CMakeFiles/cmTC_92324.dir/CMakeCXXCompilerABI.cpp.obj' '-c' '-specs=device-specs/specs-avr2'
 /home/marvin/apps/arduino-1.8.15/hardware/tools/avr/bin/../lib/gcc/avr/7.3.0/../../../../avr/bin/as -mmcu=avr2 -o CMakeFiles/cmTC_92324.dir/CMakeCXXCompilerABI.cpp.obj /tmp/ccgUAjho.s
COMPILER_PATH=/home/marvin/apps/arduino-1.8.15/hardware/tools/avr/bin/../libexec/gcc/avr/7.3.0/:/home/marvin/apps/arduino-1.8.15/hardware/tools/avr/bin/../libexec/gcc/:/home/marvin/apps/arduino-1.8.15/hardware/tools/avr/bin/../lib/gcc/avr/7.3.0/../../../../avr/bin/
LIBRARY_PATH=/home/marvin/apps/arduino-1.8.15/hardware/tools/avr/bin/../lib/gcc/avr/7.3.0/:/home/marvin/apps/arduino-1.8.15/hardware/tools/avr/bin/../lib/gcc/:/home/marvin/apps/arduino-1.8.15/hardware/tools/avr/bin/../lib/gcc/avr/7.3.0/../../../../avr/lib/
COLLECT_GCC_OPTIONS='-g' '-Os' '-w' '-fno-exceptions' '-ffunction-sections' '-fdata-sections' '-fno-threadsafe-statics' '-MMD' '-v' '-o' 'CMakeFiles/cmTC_92324.dir/CMakeCXXCompilerABI.cpp.obj' '-c' '-specs=device-specs/specs-avr2'
Linking CXX executable cmTC_92324
/home/marvin/.local/share/JetBrains/Toolbox/apps/CLion/ch-0/211.7442.42/bin/cmake/linux/bin/cmake -E cmake_link_script CMakeFiles/cmTC_92324.dir/link.txt --verbose=1
/opt/arduino1.8.15/hardware/tools/avr/bin/avr-g++ -g -Os -w -fno-exceptions -ffunction-sections -fdata-sections -fno-threadsafe-statics -MMD  -w -Os -Wl,--gc-sections -v CMakeFiles/cmTC_92324.dir/CMakeCXXCompilerABI.cpp.obj -o cmTC_92324 
Using built-in specs.
Reading specs from /home/marvin/apps/arduino-1.8.15/hardware/tools/avr/bin/../lib/gcc/avr/7.3.0/device-specs/specs-avr2
COLLECT_GCC=/opt/arduino1.8.15/hardware/tools/avr/bin/avr-g++
COLLECT_LTO_WRAPPER=/home/marvin/apps/arduino-1.8.15/hardware/tools/avr/bin/../libexec/gcc/avr/7.3.0/lto-wrapper
Target: avr
Configured with: ../gcc/configure --enable-fixed-point --enable-languages=c,c++ --prefix=/home/jenkins/workspace/avr-gcc-staging/label/debian7-x86_64/objdir --disable-nls --disable-libssp --disable-libada --disable-shared --with-avrlibc=yes --with-dwarf2 --disable-doc --target=avr
Thread model: single
gcc version 7.3.0 (GCC) 
COMPILER_PATH=/home/marvin/apps/arduino-1.8.15/hardware/tools/avr/bin/../libexec/gcc/avr/7.3.0/:/home/marvin/apps/arduino-1.8.15/hardware/tools/avr/bin/../libexec/gcc/:/home/marvin/apps/arduino-1.8.15/hardware/tools/avr/bin/../lib/gcc/avr/7.3.0/../../../../avr/bin/
LIBRARY_PATH=/home/marvin/apps/arduino-1.8.15/hardware/tools/avr/bin/../lib/gcc/avr/7.3.0/:/home/marvin/apps/arduino-1.8.15/hardware/tools/avr/bin/../lib/gcc/:/home/marvin/apps/arduino-1.8.15/hardware/tools/avr/bin/../lib/gcc/avr/7.3.0/../../../../avr/lib/
COLLECT_GCC_OPTIONS='-g' '-Os' '-w' '-fno-exceptions' '-ffunction-sections' '-fdata-sections' '-fno-threadsafe-statics' '-MMD' '-w' '-Os' '-v' '-o' 'cmTC_92324' '-specs=device-specs/specs-avr2'
 /home/marvin/apps/arduino-1.8.15/hardware/tools/avr/bin/../libexec/gcc/avr/7.3.0/collect2 -plugin /home/marvin/apps/arduino-1.8.15/hardware/tools/avr/bin/../libexec/gcc/avr/7.3.0/liblto_plugin.so -plugin-opt=/home/marvin/apps/arduino-1.8.15/hardware/tools/avr/bin/../libexec/gcc/avr/7.3.0/lto-wrapper -plugin-opt=-fresolution=/tmp/ccW6LzET.res -plugin-opt=-pass-through=-lgcc -plugin-opt=-pass-through=-lm -plugin-opt=-pass-through=-lc -o cmTC_92324 -L/home/marvin/apps/arduino-1.8.15/hardware/tools/avr/bin/../lib/gcc/avr/7.3.0 -L/home/marvin/apps/arduino-1.8.15/hardware/tools/avr/bin/../lib/gcc -L/home/marvin/apps/arduino-1.8.15/hardware/tools/avr/bin/../lib/gcc/avr/7.3.0/../../../../avr/lib --gc-sections CMakeFiles/cmTC_92324.dir/CMakeCXXCompilerABI.cpp.obj -lgcc -lm --start-group -lgcc -lm -lc --end-group
COLLECT_GCC_OPTIONS='-g' '-Os' '-w' '-fno-exceptions' '-ffunction-sections' '-fdata-sections' '-fno-threadsafe-statics' '-MMD' '-w' '-Os' '-v' '-o' 'cmTC_92324' '-specs=device-specs/specs-avr2'
make[1]: Leaving directory '/home/marvin/src/nerfgun/arduino/custom_controller/cmake-build-release/CMakeFiles/CMakeTmp'



Parsed CXX implicit include dir info from above output: rv=done
  found start of include info
  found start of implicit include info
    add: [/home/marvin/apps/arduino-1.8.15/hardware/tools/avr/bin/../lib/gcc/avr/7.3.0/include]
    add: [/home/marvin/apps/arduino-1.8.15/hardware/tools/avr/bin/../lib/gcc/avr/7.3.0/include-fixed]
    add: [/home/marvin/apps/arduino-1.8.15/hardware/tools/avr/bin/../lib/gcc/avr/7.3.0/../../../../avr/include]
  end of search list found
  collapse include dir [/home/marvin/apps/arduino-1.8.15/hardware/tools/avr/bin/../lib/gcc/avr/7.3.0/include] ==> [/home/marvin/apps/arduino-1.8.15/hardware/tools/avr/lib/gcc/avr/7.3.0/include]
  collapse include dir [/home/marvin/apps/arduino-1.8.15/hardware/tools/avr/bin/../lib/gcc/avr/7.3.0/include-fixed] ==> [/home/marvin/apps/arduino-1.8.15/hardware/tools/avr/lib/gcc/avr/7.3.0/include-fixed]
  collapse include dir [/home/marvin/apps/arduino-1.8.15/hardware/tools/avr/bin/../lib/gcc/avr/7.3.0/../../../../avr/include] ==> [/home/marvin/apps/arduino-1.8.15/hardware/tools/avr/avr/include]
  implicit include dirs: [/home/marvin/apps/arduino-1.8.15/hardware/tools/avr/lib/gcc/avr/7.3.0/include;/home/marvin/apps/arduino-1.8.15/hardware/tools/avr/lib/gcc/avr/7.3.0/include-fixed;/home/marvin/apps/arduino-1.8.15/hardware/tools/avr/avr/include]


Parsed CXX implicit link information from above output:
  link line regex: [^( *|.*[/\])(avr-ld|CMAKE_LINK_STARTFILE-NOTFOUND|([^/\]+-)?ld|collect2)[^/\]*( |$)]
  ignore line: [Change Dir: /home/marvin/src/nerfgun/arduino/custom_controller/cmake-build-release/CMakeFiles/CMakeTmp]
  ignore line: []
  ignore line: [Run Build Command(s):/usr/bin/make cmTC_92324/fast && /usr/bin/make  -f CMakeFiles/cmTC_92324.dir/build.make CMakeFiles/cmTC_92324.dir/build]
  ignore line: [make[1]: Entering directory '/home/marvin/src/nerfgun/arduino/custom_controller/cmake-build-release/CMakeFiles/CMakeTmp']
  ignore line: [Building CXX object CMakeFiles/cmTC_92324.dir/CMakeCXXCompilerABI.cpp.obj]
  ignore line: [/opt/arduino1.8.15/hardware/tools/avr/bin/avr-g++   -g -Os -w -fno-exceptions -ffunction-sections -fdata-sections -fno-threadsafe-statics -MMD    -v -o CMakeFiles/cmTC_92324.dir/CMakeCXXCompilerABI.cpp.obj -c /home/marvin/.local/share/JetBrains/Toolbox/apps/CLion/ch-0/211.7442.42/bin/cmake/linux/share/cmake-3.19/Modules/CMakeCXXCompilerABI.cpp]
  ignore line: [Using built-in specs.]
  ignore line: [Reading specs from /home/marvin/apps/arduino-1.8.15/hardware/tools/avr/bin/../lib/gcc/avr/7.3.0/device-specs/specs-avr2]
  ignore line: [COLLECT_GCC=/opt/arduino1.8.15/hardware/tools/avr/bin/avr-g++]
  ignore line: [Target: avr]
  ignore line: [Configured with: ../gcc/configure --enable-fixed-point --enable-languages=c c++ --prefix=/home/jenkins/workspace/avr-gcc-staging/label/debian7-x86_64/objdir --disable-nls --disable-libssp --disable-libada --disable-shared --with-avrlibc=yes --with-dwarf2 --disable-doc --target=avr]
  ignore line: [Thread model: single]
  ignore line: [gcc version 7.3.0 (GCC) ]
  ignore line: [COLLECT_GCC_OPTIONS='-g' '-Os' '-w' '-fno-exceptions' '-ffunction-sections' '-fdata-sections' '-fno-threadsafe-statics' '-MMD' '-v' '-o' 'CMakeFiles/cmTC_92324.dir/CMakeCXXCompilerABI.cpp.obj' '-c' '-specs=device-specs/specs-avr2']
  ignore line: [ /home/marvin/apps/arduino-1.8.15/hardware/tools/avr/bin/../libexec/gcc/avr/7.3.0/cc1plus -quiet -v -iprefix /home/marvin/apps/arduino-1.8.15/hardware/tools/avr/bin/../lib/gcc/avr/7.3.0/ -MMD CMakeFiles/cmTC_92324.dir/CMakeCXXCompilerABI.cpp.d -MQ CMakeFiles/cmTC_92324.dir/CMakeCXXCompilerABI.cpp.obj /home/marvin/.local/share/JetBrains/Toolbox/apps/CLion/ch-0/211.7442.42/bin/cmake/linux/share/cmake-3.19/Modules/CMakeCXXCompilerABI.cpp -mn-flash=6 -mskip-bug -quiet -dumpbase CMakeCXXCompilerABI.cpp -auxbase-strip CMakeFiles/cmTC_92324.dir/CMakeCXXCompilerABI.cpp.obj -g -Os -w -version -fno-exceptions -ffunction-sections -fdata-sections -fno-threadsafe-statics -mn-flash=6 -mskip-bug -fno-rtti -fno-enforce-eh-specs -fno-exceptions -o /tmp/ccgUAjho.s]
  ignore line: [GNU C++14 (GCC) version 7.3.0 (avr)]
  ignore line: [	compiled by GNU C version 4.7.2  GMP version 5.0.2  MPFR version 3.1.0  MPC version 0.9  isl version none]
  ignore line: [GGC heuristics: --param ggc-min-expand=100 --param ggc-min-heapsize=131072]
  ignore line: [ignoring nonexistent directory "/home/marvin/apps/arduino-1.8.15/hardware/tools/avr/bin/../lib/gcc/avr/7.3.0/../../../../avr/include/c++/7.3.0"]
  ignore line: [ignoring nonexistent directory "/home/marvin/apps/arduino-1.8.15/hardware/tools/avr/bin/../lib/gcc/avr/7.3.0/../../../../avr/include/c++/7.3.0/avr"]
  ignore line: [ignoring nonexistent directory "/home/marvin/apps/arduino-1.8.15/hardware/tools/avr/bin/../lib/gcc/avr/7.3.0/../../../../avr/include/c++/7.3.0/backward"]
  ignore line: [ignoring nonexistent directory "/home/marvin/apps/arduino-1.8.15/hardware/tools/avr/bin/../lib/gcc/avr/7.3.0/../../../../avr/sys-include"]
  ignore line: [ignoring nonexistent directory "/home/marvin/apps/arduino-1.8.15/hardware/tools/avr/bin/../lib/gcc/../../lib/gcc/avr/7.3.0/../../../../avr/include/c++/7.3.0"]
  ignore line: [ignoring nonexistent directory "/home/marvin/apps/arduino-1.8.15/hardware/tools/avr/bin/../lib/gcc/../../lib/gcc/avr/7.3.0/../../../../avr/include/c++/7.3.0/avr"]
  ignore line: [ignoring nonexistent directory "/home/marvin/apps/arduino-1.8.15/hardware/tools/avr/bin/../lib/gcc/../../lib/gcc/avr/7.3.0/../../../../avr/include/c++/7.3.0/backward"]
  ignore line: [ignoring duplicate directory "/home/marvin/apps/arduino-1.8.15/hardware/tools/avr/bin/../lib/gcc/../../lib/gcc/avr/7.3.0/include"]
  ignore line: [ignoring duplicate directory "/home/marvin/apps/arduino-1.8.15/hardware/tools/avr/bin/../lib/gcc/../../lib/gcc/avr/7.3.0/include-fixed"]
  ignore line: [ignoring nonexistent directory "/home/marvin/apps/arduino-1.8.15/hardware/tools/avr/bin/../lib/gcc/../../lib/gcc/avr/7.3.0/../../../../avr/sys-include"]
  ignore line: [ignoring duplicate directory "/home/marvin/apps/arduino-1.8.15/hardware/tools/avr/bin/../lib/gcc/../../lib/gcc/avr/7.3.0/../../../../avr/include"]
  ignore line: [#include "..." search starts here:]
  ignore line: [#include <...> search starts here:]
  ignore line: [ /home/marvin/apps/arduino-1.8.15/hardware/tools/avr/bin/../lib/gcc/avr/7.3.0/include]
  ignore line: [ /home/marvin/apps/arduino-1.8.15/hardware/tools/avr/bin/../lib/gcc/avr/7.3.0/include-fixed]
  ignore line: [ /home/marvin/apps/arduino-1.8.15/hardware/tools/avr/bin/../lib/gcc/avr/7.3.0/../../../../avr/include]
  ignore line: [End of search list.]
  ignore line: [GNU C++14 (GCC) version 7.3.0 (avr)]
  ignore line: [	compiled by GNU C version 4.7.2  GMP version 5.0.2  MPFR version 3.1.0  MPC version 0.9  isl version none]
  ignore line: [GGC heuristics: --param ggc-min-expand=100 --param ggc-min-heapsize=131072]
  ignore line: [Compiler executable checksum: 9c6d235b99e8a30dffa1915004724177]
  ignore line: [COLLECT_GCC_OPTIONS='-g' '-Os' '-w' '-fno-exceptions' '-ffunction-sections' '-fdata-sections' '-fno-threadsafe-statics' '-MMD' '-v' '-o' 'CMakeFiles/cmTC_92324.dir/CMakeCXXCompilerABI.cpp.obj' '-c' '-specs=device-specs/specs-avr2']
  ignore line: [ /home/marvin/apps/arduino-1.8.15/hardware/tools/avr/bin/../lib/gcc/avr/7.3.0/../../../../avr/bin/as -mmcu=avr2 -o CMakeFiles/cmTC_92324.dir/CMakeCXXCompilerABI.cpp.obj /tmp/ccgUAjho.s]
  ignore line: [COMPILER_PATH=/home/marvin/apps/arduino-1.8.15/hardware/tools/avr/bin/../libexec/gcc/avr/7.3.0/:/home/marvin/apps/arduino-1.8.15/hardware/tools/avr/bin/../libexec/gcc/:/home/marvin/apps/arduino-1.8.15/hardware/tools/avr/bin/../lib/gcc/avr/7.3.0/../../../../avr/bin/]
  ignore line: [LIBRARY_PATH=/home/marvin/apps/arduino-1.8.15/hardware/tools/avr/bin/../lib/gcc/avr/7.3.0/:/home/marvin/apps/arduino-1.8.15/hardware/tools/avr/bin/../lib/gcc/:/home/marvin/apps/arduino-1.8.15/hardware/tools/avr/bin/../lib/gcc/avr/7.3.0/../../../../avr/lib/]
  ignore line: [COLLECT_GCC_OPTIONS='-g' '-Os' '-w' '-fno-exceptions' '-ffunction-sections' '-fdata-sections' '-fno-threadsafe-statics' '-MMD' '-v' '-o' 'CMakeFiles/cmTC_92324.dir/CMakeCXXCompilerABI.cpp.obj' '-c' '-specs=device-specs/specs-avr2']
  ignore line: [Linking CXX executable cmTC_92324]
  ignore line: [/home/marvin/.local/share/JetBrains/Toolbox/apps/CLion/ch-0/211.7442.42/bin/cmake/linux/bin/cmake -E cmake_link_script CMakeFiles/cmTC_92324.dir/link.txt --verbose=1]
  ignore line: [/opt/arduino1.8.15/hardware/tools/avr/bin/avr-g++ -g -Os -w -fno-exceptions -ffunction-sections -fdata-sections -fno-threadsafe-statics -MMD  -w -Os -Wl --gc-sections -v CMakeFiles/cmTC_92324.dir/CMakeCXXCompilerABI.cpp.obj -o cmTC_92324 ]
  ignore line: [Using built-in specs.]
  ignore line: [Reading specs from /home/marvin/apps/arduino-1.8.15/hardware/tools/avr/bin/../lib/gcc/avr/7.3.0/device-specs/specs-avr2]
  ignore line: [COLLECT_GCC=/opt/arduino1.8.15/hardware/tools/avr/bin/avr-g++]
  ignore line: [COLLECT_LTO_WRAPPER=/home/marvin/apps/arduino-1.8.15/hardware/tools/avr/bin/../libexec/gcc/avr/7.3.0/lto-wrapper]
  ignore line: [Target: avr]
  ignore line: [Configured with: ../gcc/configure --enable-fixed-point --enable-languages=c c++ --prefix=/home/jenkins/workspace/avr-gcc-staging/label/debian7-x86_64/objdir --disable-nls --disable-libssp --disable-libada --disable-shared --with-avrlibc=yes --with-dwarf2 --disable-doc --target=avr]
  ignore line: [Thread model: single]
  ignore line: [gcc version 7.3.0 (GCC) ]
  ignore line: [COMPILER_PATH=/home/marvin/apps/arduino-1.8.15/hardware/tools/avr/bin/../libexec/gcc/avr/7.3.0/:/home/marvin/apps/arduino-1.8.15/hardware/tools/avr/bin/../libexec/gcc/:/home/marvin/apps/arduino-1.8.15/hardware/tools/avr/bin/../lib/gcc/avr/7.3.0/../../../../avr/bin/]
  ignore line: [LIBRARY_PATH=/home/marvin/apps/arduino-1.8.15/hardware/tools/avr/bin/../lib/gcc/avr/7.3.0/:/home/marvin/apps/arduino-1.8.15/hardware/tools/avr/bin/../lib/gcc/:/home/marvin/apps/arduino-1.8.15/hardware/tools/avr/bin/../lib/gcc/avr/7.3.0/../../../../avr/lib/]
  ignore line: [COLLECT_GCC_OPTIONS='-g' '-Os' '-w' '-fno-exceptions' '-ffunction-sections' '-fdata-sections' '-fno-threadsafe-statics' '-MMD' '-w' '-Os' '-v' '-o' 'cmTC_92324' '-specs=device-specs/specs-avr2']
  link line: [ /home/marvin/apps/arduino-1.8.15/hardware/tools/avr/bin/../libexec/gcc/avr/7.3.0/collect2 -plugin /home/marvin/apps/arduino-1.8.15/hardware/tools/avr/bin/../libexec/gcc/avr/7.3.0/liblto_plugin.so -plugin-opt=/home/marvin/apps/arduino-1.8.15/hardware/tools/avr/bin/../libexec/gcc/avr/7.3.0/lto-wrapper -plugin-opt=-fresolution=/tmp/ccW6LzET.res -plugin-opt=-pass-through=-lgcc -plugin-opt=-pass-through=-lm -plugin-opt=-pass-through=-lc -o cmTC_92324 -L/home/marvin/apps/arduino-1.8.15/hardware/tools/avr/bin/../lib/gcc/avr/7.3.0 -L/home/marvin/apps/arduino-1.8.15/hardware/tools/avr/bin/../lib/gcc -L/home/marvin/apps/arduino-1.8.15/hardware/tools/avr/bin/../lib/gcc/avr/7.3.0/../../../../avr/lib --gc-sections CMakeFiles/cmTC_92324.dir/CMakeCXXCompilerABI.cpp.obj -lgcc -lm --start-group -lgcc -lm -lc --end-group]
    arg [/home/marvin/apps/arduino-1.8.15/hardware/tools/avr/bin/../libexec/gcc/avr/7.3.0/collect2] ==> ignore
    arg [-plugin] ==> ignore
    arg [/home/marvin/apps/arduino-1.8.15/hardware/tools/avr/bin/../libexec/gcc/avr/7.3.0/liblto_plugin.so] ==> ignore
    arg [-plugin-opt=/home/marvin/apps/arduino-1.8.15/hardware/tools/avr/bin/../libexec/gcc/avr/7.3.0/lto-wrapper] ==> ignore
    arg [-plugin-opt=-fresolution=/tmp/ccW6LzET.res] ==> ignore
    arg [-plugin-opt=-pass-through=-lgcc] ==> ignore
    arg [-plugin-opt=-pass-through=-lm] ==> ignore
    arg [-plugin-opt=-pass-through=-lc] ==> ignore
    arg [-o] ==> ignore
    arg [cmTC_92324] ==> ignore
    arg [-L/home/marvin/apps/arduino-1.8.15/hardware/tools/avr/bin/../lib/gcc/avr/7.3.0] ==> dir [/home/marvin/apps/arduino-1.8.15/hardware/tools/avr/bin/../lib/gcc/avr/7.3.0]
    arg [-L/home/marvin/apps/arduino-1.8.15/hardware/tools/avr/bin/../lib/gcc] ==> dir [/home/marvin/apps/arduino-1.8.15/hardware/tools/avr/bin/../lib/gcc]
    arg [-L/home/marvin/apps/arduino-1.8.15/hardware/tools/avr/bin/../lib/gcc/avr/7.3.0/../../../../avr/lib] ==> dir [/home/marvin/apps/arduino-1.8.15/hardware/tools/avr/bin/../lib/gcc/avr/7.3.0/../../../../avr/lib]
    arg [--gc-sections] ==> ignore
    arg [CMakeFiles/cmTC_92324.dir/CMakeCXXCompilerABI.cpp.obj] ==> ignore
    arg [-lgcc] ==> lib [gcc]
    arg [-lm] ==> lib [m]
    arg [--start-group] ==> ignore
    arg [-lgcc] ==> lib [gcc]
    arg [-lm] ==> lib [m]
    arg [-lc] ==> lib [c]
    arg [--end-group] ==> ignore
  collapse library dir [/home/marvin/apps/arduino-1.8.15/hardware/tools/avr/bin/../lib/gcc/avr/7.3.0] ==> [/home/marvin/apps/arduino-1.8.15/hardware/tools/avr/lib/gcc/avr/7.3.0]
  collapse library dir [/home/marvin/apps/arduino-1.8.15/hardware/tools/avr/bin/../lib/gcc] ==> [/home/marvin/apps/arduino-1.8.15/hardware/tools/avr/lib/gcc]
  collapse library dir [/home/marvin/apps/arduino-1.8.15/hardware/tools/avr/bin/../lib/gcc/avr/7.3.0/../../../../avr/lib] ==> [/home/marvin/apps/arduino-1.8.15/hardware/tools/avr/avr/lib]
  implicit libs: [gcc;m;gcc;m;c]
  implicit dirs: [/home/marvin/apps/arduino-1.8.15/hardware/tools/avr/lib/gcc/avr/7.3.0;/home/marvin/apps/arduino-1.8.15/hardware/tools/avr/lib/gcc;/home/marvin/apps/arduino-1.8.15/hardware/tools/avr/avr/lib]
  implicit fwks: []


